Performing C SOURCE FILE Test HAVE_GCC_PREFERRED_STACK_BOUNDARY failed with the following output:
Change Dir: /home/m245/Desktop/github/Voxel_Renderer/build/CMakeFiles/CMakeTmp

Run Build Command(s):/usr/bin/make -f Makefile cmTC_50a11/fast && /usr/bin/make  -f CMakeFiles/cmTC_50a11.dir/build.make CMakeFiles/cmTC_50a11.dir/build
make[1]: Entering directory '/home/m245/Desktop/github/Voxel_Renderer/build/CMakeFiles/CMakeTmp'
Building C object CMakeFiles/cmTC_50a11.dir/src.c.o
/usr/bin/cc -DHAVE_GCC_PREFERRED_STACK_BOUNDARY  -idirafter "/home/m245/Desktop/github/Voxel_Renderer/lib/SDL/src/video/khronos" -mpreferred-stack-boundary=2 -o CMakeFiles/cmTC_50a11.dir/src.c.o -c /home/m245/Desktop/github/Voxel_Renderer/build/CMakeFiles/CMakeTmp/src.c
cc1: error: '-mpreferred-stack-boundary=2' is not between 3 and 12
make[1]: *** [CMakeFiles/cmTC_50a11.dir/build.make:78: CMakeFiles/cmTC_50a11.dir/src.c.o] Error 1
make[1]: Leaving directory '/home/m245/Desktop/github/Voxel_Renderer/build/CMakeFiles/CMakeTmp'
make: *** [Makefile:127: cmTC_50a11/fast] Error 2


Source file was:
int x = 0; int main(int argc, char **argv) { return 0; }
Performing C SOURCE FILE Test HAVE_ALTIVEC_H_HDR failed with the following output:
Change Dir: /home/m245/Desktop/github/Voxel_Renderer/build/CMakeFiles/CMakeTmp

Run Build Command(s):/usr/bin/make -f Makefile cmTC_be86d/fast && /usr/bin/make  -f CMakeFiles/cmTC_be86d.dir/build.make CMakeFiles/cmTC_be86d.dir/build
make[1]: Entering directory '/home/m245/Desktop/github/Voxel_Renderer/build/CMakeFiles/CMakeTmp'
Building C object CMakeFiles/cmTC_be86d.dir/src.c.o
/usr/bin/cc -DHAVE_ALTIVEC_H_HDR  -idirafter "/home/m245/Desktop/github/Voxel_Renderer/lib/SDL/src/video/khronos" -maltivec -o CMakeFiles/cmTC_be86d.dir/src.c.o -c /home/m245/Desktop/github/Voxel_Renderer/build/CMakeFiles/CMakeTmp/src.c
cc: error: unrecognized command-line option '-maltivec'
make[1]: *** [CMakeFiles/cmTC_be86d.dir/build.make:78: CMakeFiles/cmTC_be86d.dir/src.c.o] Error 1
make[1]: Leaving directory '/home/m245/Desktop/github/Voxel_Renderer/build/CMakeFiles/CMakeTmp'
make: *** [Makefile:127: cmTC_be86d/fast] Error 2


Source file was:

          #include <altivec.h>
          vector unsigned int vzero() {
              return vec_splat_u32(0);
          }
          int main(int argc, char **argv) { return 0; }
Performing C SOURCE FILE Test HAVE_ALTIVEC failed with the following output:
Change Dir: /home/m245/Desktop/github/Voxel_Renderer/build/CMakeFiles/CMakeTmp

Run Build Command(s):/usr/bin/make -f Makefile cmTC_03849/fast && /usr/bin/make  -f CMakeFiles/cmTC_03849.dir/build.make CMakeFiles/cmTC_03849.dir/build
make[1]: Entering directory '/home/m245/Desktop/github/Voxel_Renderer/build/CMakeFiles/CMakeTmp'
Building C object CMakeFiles/cmTC_03849.dir/src.c.o
/usr/bin/cc -DHAVE_ALTIVEC  -idirafter "/home/m245/Desktop/github/Voxel_Renderer/lib/SDL/src/video/khronos" -maltivec -o CMakeFiles/cmTC_03849.dir/src.c.o -c /home/m245/Desktop/github/Voxel_Renderer/build/CMakeFiles/CMakeTmp/src.c
cc: error: unrecognized command-line option '-maltivec'
make[1]: *** [CMakeFiles/cmTC_03849.dir/build.make:78: CMakeFiles/cmTC_03849.dir/src.c.o] Error 1
make[1]: Leaving directory '/home/m245/Desktop/github/Voxel_Renderer/build/CMakeFiles/CMakeTmp'
make: *** [Makefile:127: cmTC_03849/fast] Error 2


Source file was:

          vector unsigned int vzero() {
              return vec_splat_u32(0);
          }
          int main(int argc, char **argv) { return 0; }
Determining if the strlcpy exist failed with the following output:
Change Dir: /home/m245/Desktop/github/Voxel_Renderer/build/CMakeFiles/CMakeTmp

Run Build Command(s):/usr/bin/make -f Makefile cmTC_fb74a/fast && /usr/bin/make  -f CMakeFiles/cmTC_fb74a.dir/build.make CMakeFiles/cmTC_fb74a.dir/build
make[1]: Entering directory '/home/m245/Desktop/github/Voxel_Renderer/build/CMakeFiles/CMakeTmp'
Building C object CMakeFiles/cmTC_fb74a.dir/CheckSymbolExists.c.o
/usr/bin/cc   -idirafter "/home/m245/Desktop/github/Voxel_Renderer/lib/SDL/src/video/khronos"  -o CMakeFiles/cmTC_fb74a.dir/CheckSymbolExists.c.o -c /home/m245/Desktop/github/Voxel_Renderer/build/CMakeFiles/CMakeTmp/CheckSymbolExists.c
/home/m245/Desktop/github/Voxel_Renderer/build/CMakeFiles/CMakeTmp/CheckSymbolExists.c: In function 'main':
/home/m245/Desktop/github/Voxel_Renderer/build/CMakeFiles/CMakeTmp/CheckSymbolExists.c:14:19: error: 'strlcpy' undeclared (first use in this function); did you mean 'strncpy'?
   14 |   return ((int*)(&strlcpy))[argc];
      |                   ^~~~~~~
      |                   strncpy
/home/m245/Desktop/github/Voxel_Renderer/build/CMakeFiles/CMakeTmp/CheckSymbolExists.c:14:19: note: each undeclared identifier is reported only once for each function it appears in
make[1]: *** [CMakeFiles/cmTC_fb74a.dir/build.make:78: CMakeFiles/cmTC_fb74a.dir/CheckSymbolExists.c.o] Error 1
make[1]: Leaving directory '/home/m245/Desktop/github/Voxel_Renderer/build/CMakeFiles/CMakeTmp'
make: *** [Makefile:127: cmTC_fb74a/fast] Error 2


File /home/m245/Desktop/github/Voxel_Renderer/build/CMakeFiles/CMakeTmp/CheckSymbolExists.c:
/* */
#include <stddef.h>
#include <stdarg.h>
#include <stdlib.h>
#include <string.h>
#include <stdio.h>
#include <wchar.h>
#include <float.h>

int main(int argc, char** argv)
{
  (void)argv;
#ifndef strlcpy
  return ((int*)(&strlcpy))[argc];
#else
  (void)argc;
  return 0;
#endif
}
Determining if the strlcat exist failed with the following output:
Change Dir: /home/m245/Desktop/github/Voxel_Renderer/build/CMakeFiles/CMakeTmp

Run Build Command(s):/usr/bin/make -f Makefile cmTC_85d3f/fast && /usr/bin/make  -f CMakeFiles/cmTC_85d3f.dir/build.make CMakeFiles/cmTC_85d3f.dir/build
make[1]: Entering directory '/home/m245/Desktop/github/Voxel_Renderer/build/CMakeFiles/CMakeTmp'
Building C object CMakeFiles/cmTC_85d3f.dir/CheckSymbolExists.c.o
/usr/bin/cc   -idirafter "/home/m245/Desktop/github/Voxel_Renderer/lib/SDL/src/video/khronos"  -o CMakeFiles/cmTC_85d3f.dir/CheckSymbolExists.c.o -c /home/m245/Desktop/github/Voxel_Renderer/build/CMakeFiles/CMakeTmp/CheckSymbolExists.c
/home/m245/Desktop/github/Voxel_Renderer/build/CMakeFiles/CMakeTmp/CheckSymbolExists.c: In function 'main':
/home/m245/Desktop/github/Voxel_Renderer/build/CMakeFiles/CMakeTmp/CheckSymbolExists.c:14:19: error: 'strlcat' undeclared (first use in this function); did you mean 'strncat'?
   14 |   return ((int*)(&strlcat))[argc];
      |                   ^~~~~~~
      |                   strncat
/home/m245/Desktop/github/Voxel_Renderer/build/CMakeFiles/CMakeTmp/CheckSymbolExists.c:14:19: note: each undeclared identifier is reported only once for each function it appears in
make[1]: *** [CMakeFiles/cmTC_85d3f.dir/build.make:78: CMakeFiles/cmTC_85d3f.dir/CheckSymbolExists.c.o] Error 1
make[1]: Leaving directory '/home/m245/Desktop/github/Voxel_Renderer/build/CMakeFiles/CMakeTmp'
make: *** [Makefile:127: cmTC_85d3f/fast] Error 2


File /home/m245/Desktop/github/Voxel_Renderer/build/CMakeFiles/CMakeTmp/CheckSymbolExists.c:
/* */
#include <stddef.h>
#include <stdarg.h>
#include <stdlib.h>
#include <string.h>
#include <stdio.h>
#include <wchar.h>
#include <float.h>

int main(int argc, char** argv)
{
  (void)argv;
#ifndef strlcat
  return ((int*)(&strlcat))[argc];
#else
  (void)argc;
  return 0;
#endif
}
Determining if the _strrev exist failed with the following output:
Change Dir: /home/m245/Desktop/github/Voxel_Renderer/build/CMakeFiles/CMakeTmp

Run Build Command(s):/usr/bin/make -f Makefile cmTC_60cbb/fast && /usr/bin/make  -f CMakeFiles/cmTC_60cbb.dir/build.make CMakeFiles/cmTC_60cbb.dir/build
make[1]: Entering directory '/home/m245/Desktop/github/Voxel_Renderer/build/CMakeFiles/CMakeTmp'
Building C object CMakeFiles/cmTC_60cbb.dir/CheckSymbolExists.c.o
/usr/bin/cc   -idirafter "/home/m245/Desktop/github/Voxel_Renderer/lib/SDL/src/video/khronos"  -o CMakeFiles/cmTC_60cbb.dir/CheckSymbolExists.c.o -c /home/m245/Desktop/github/Voxel_Renderer/build/CMakeFiles/CMakeTmp/CheckSymbolExists.c
/home/m245/Desktop/github/Voxel_Renderer/build/CMakeFiles/CMakeTmp/CheckSymbolExists.c: In function 'main':
/home/m245/Desktop/github/Voxel_Renderer/build/CMakeFiles/CMakeTmp/CheckSymbolExists.c:14:19: error: '_strrev' undeclared (first use in this function)
   14 |   return ((int*)(&_strrev))[argc];
      |                   ^~~~~~~
/home/m245/Desktop/github/Voxel_Renderer/build/CMakeFiles/CMakeTmp/CheckSymbolExists.c:14:19: note: each undeclared identifier is reported only once for each function it appears in
make[1]: *** [CMakeFiles/cmTC_60cbb.dir/build.make:78: CMakeFiles/cmTC_60cbb.dir/CheckSymbolExists.c.o] Error 1
make[1]: Leaving directory '/home/m245/Desktop/github/Voxel_Renderer/build/CMakeFiles/CMakeTmp'
make: *** [Makefile:127: cmTC_60cbb/fast] Error 2


File /home/m245/Desktop/github/Voxel_Renderer/build/CMakeFiles/CMakeTmp/CheckSymbolExists.c:
/* */
#include <stddef.h>
#include <stdarg.h>
#include <stdlib.h>
#include <string.h>
#include <stdio.h>
#include <wchar.h>
#include <float.h>

int main(int argc, char** argv)
{
  (void)argv;
#ifndef _strrev
  return ((int*)(&_strrev))[argc];
#else
  (void)argc;
  return 0;
#endif
}
Determining if the _strupr exist failed with the following output:
Change Dir: /home/m245/Desktop/github/Voxel_Renderer/build/CMakeFiles/CMakeTmp

Run Build Command(s):/usr/bin/make -f Makefile cmTC_8865c/fast && /usr/bin/make  -f CMakeFiles/cmTC_8865c.dir/build.make CMakeFiles/cmTC_8865c.dir/build
make[1]: Entering directory '/home/m245/Desktop/github/Voxel_Renderer/build/CMakeFiles/CMakeTmp'
Building C object CMakeFiles/cmTC_8865c.dir/CheckSymbolExists.c.o
/usr/bin/cc   -idirafter "/home/m245/Desktop/github/Voxel_Renderer/lib/SDL/src/video/khronos"  -o CMakeFiles/cmTC_8865c.dir/CheckSymbolExists.c.o -c /home/m245/Desktop/github/Voxel_Renderer/build/CMakeFiles/CMakeTmp/CheckSymbolExists.c
/home/m245/Desktop/github/Voxel_Renderer/build/CMakeFiles/CMakeTmp/CheckSymbolExists.c: In function 'main':
/home/m245/Desktop/github/Voxel_Renderer/build/CMakeFiles/CMakeTmp/CheckSymbolExists.c:14:19: error: '_strupr' undeclared (first use in this function)
   14 |   return ((int*)(&_strupr))[argc];
      |                   ^~~~~~~
/home/m245/Desktop/github/Voxel_Renderer/build/CMakeFiles/CMakeTmp/CheckSymbolExists.c:14:19: note: each undeclared identifier is reported only once for each function it appears in
make[1]: *** [CMakeFiles/cmTC_8865c.dir/build.make:78: CMakeFiles/cmTC_8865c.dir/CheckSymbolExists.c.o] Error 1
make[1]: Leaving directory '/home/m245/Desktop/github/Voxel_Renderer/build/CMakeFiles/CMakeTmp'
make: *** [Makefile:127: cmTC_8865c/fast] Error 2


File /home/m245/Desktop/github/Voxel_Renderer/build/CMakeFiles/CMakeTmp/CheckSymbolExists.c:
/* */
#include <stddef.h>
#include <stdarg.h>
#include <stdlib.h>
#include <string.h>
#include <stdio.h>
#include <wchar.h>
#include <float.h>

int main(int argc, char** argv)
{
  (void)argv;
#ifndef _strupr
  return ((int*)(&_strupr))[argc];
#else
  (void)argc;
  return 0;
#endif
}
Determining if the _strlwr exist failed with the following output:
Change Dir: /home/m245/Desktop/github/Voxel_Renderer/build/CMakeFiles/CMakeTmp

Run Build Command(s):/usr/bin/make -f Makefile cmTC_f3e66/fast && /usr/bin/make  -f CMakeFiles/cmTC_f3e66.dir/build.make CMakeFiles/cmTC_f3e66.dir/build
make[1]: Entering directory '/home/m245/Desktop/github/Voxel_Renderer/build/CMakeFiles/CMakeTmp'
Building C object CMakeFiles/cmTC_f3e66.dir/CheckSymbolExists.c.o
/usr/bin/cc   -idirafter "/home/m245/Desktop/github/Voxel_Renderer/lib/SDL/src/video/khronos"  -o CMakeFiles/cmTC_f3e66.dir/CheckSymbolExists.c.o -c /home/m245/Desktop/github/Voxel_Renderer/build/CMakeFiles/CMakeTmp/CheckSymbolExists.c
/home/m245/Desktop/github/Voxel_Renderer/build/CMakeFiles/CMakeTmp/CheckSymbolExists.c: In function 'main':
/home/m245/Desktop/github/Voxel_Renderer/build/CMakeFiles/CMakeTmp/CheckSymbolExists.c:14:19: error: '_strlwr' undeclared (first use in this function)
   14 |   return ((int*)(&_strlwr))[argc];
      |                   ^~~~~~~
/home/m245/Desktop/github/Voxel_Renderer/build/CMakeFiles/CMakeTmp/CheckSymbolExists.c:14:19: note: each undeclared identifier is reported only once for each function it appears in
make[1]: *** [CMakeFiles/cmTC_f3e66.dir/build.make:78: CMakeFiles/cmTC_f3e66.dir/CheckSymbolExists.c.o] Error 1
make[1]: Leaving directory '/home/m245/Desktop/github/Voxel_Renderer/build/CMakeFiles/CMakeTmp'
make: *** [Makefile:127: cmTC_f3e66/fast] Error 2


File /home/m245/Desktop/github/Voxel_Renderer/build/CMakeFiles/CMakeTmp/CheckSymbolExists.c:
/* */
#include <stddef.h>
#include <stdarg.h>
#include <stdlib.h>
#include <string.h>
#include <stdio.h>
#include <wchar.h>
#include <float.h>

int main(int argc, char** argv)
{
  (void)argv;
#ifndef _strlwr
  return ((int*)(&_strlwr))[argc];
#else
  (void)argc;
  return 0;
#endif
}
Determining if the itoa exist failed with the following output:
Change Dir: /home/m245/Desktop/github/Voxel_Renderer/build/CMakeFiles/CMakeTmp

Run Build Command(s):/usr/bin/make -f Makefile cmTC_845e3/fast && /usr/bin/make  -f CMakeFiles/cmTC_845e3.dir/build.make CMakeFiles/cmTC_845e3.dir/build
make[1]: Entering directory '/home/m245/Desktop/github/Voxel_Renderer/build/CMakeFiles/CMakeTmp'
Building C object CMakeFiles/cmTC_845e3.dir/CheckSymbolExists.c.o
/usr/bin/cc   -idirafter "/home/m245/Desktop/github/Voxel_Renderer/lib/SDL/src/video/khronos"  -o CMakeFiles/cmTC_845e3.dir/CheckSymbolExists.c.o -c /home/m245/Desktop/github/Voxel_Renderer/build/CMakeFiles/CMakeTmp/CheckSymbolExists.c
/home/m245/Desktop/github/Voxel_Renderer/build/CMakeFiles/CMakeTmp/CheckSymbolExists.c: In function 'main':
/home/m245/Desktop/github/Voxel_Renderer/build/CMakeFiles/CMakeTmp/CheckSymbolExists.c:14:19: error: 'itoa' undeclared (first use in this function)
   14 |   return ((int*)(&itoa))[argc];
      |                   ^~~~
/home/m245/Desktop/github/Voxel_Renderer/build/CMakeFiles/CMakeTmp/CheckSymbolExists.c:14:19: note: each undeclared identifier is reported only once for each function it appears in
make[1]: *** [CMakeFiles/cmTC_845e3.dir/build.make:78: CMakeFiles/cmTC_845e3.dir/CheckSymbolExists.c.o] Error 1
make[1]: Leaving directory '/home/m245/Desktop/github/Voxel_Renderer/build/CMakeFiles/CMakeTmp'
make: *** [Makefile:127: cmTC_845e3/fast] Error 2


File /home/m245/Desktop/github/Voxel_Renderer/build/CMakeFiles/CMakeTmp/CheckSymbolExists.c:
/* */
#include <stddef.h>
#include <stdarg.h>
#include <stdlib.h>
#include <string.h>
#include <stdio.h>
#include <wchar.h>
#include <float.h>

int main(int argc, char** argv)
{
  (void)argv;
#ifndef itoa
  return ((int*)(&itoa))[argc];
#else
  (void)argc;
  return 0;
#endif
}
Determining if the _ltoa exist failed with the following output:
Change Dir: /home/m245/Desktop/github/Voxel_Renderer/build/CMakeFiles/CMakeTmp

Run Build Command(s):/usr/bin/make -f Makefile cmTC_43486/fast && /usr/bin/make  -f CMakeFiles/cmTC_43486.dir/build.make CMakeFiles/cmTC_43486.dir/build
make[1]: Entering directory '/home/m245/Desktop/github/Voxel_Renderer/build/CMakeFiles/CMakeTmp'
Building C object CMakeFiles/cmTC_43486.dir/CheckSymbolExists.c.o
/usr/bin/cc   -idirafter "/home/m245/Desktop/github/Voxel_Renderer/lib/SDL/src/video/khronos"  -o CMakeFiles/cmTC_43486.dir/CheckSymbolExists.c.o -c /home/m245/Desktop/github/Voxel_Renderer/build/CMakeFiles/CMakeTmp/CheckSymbolExists.c
/home/m245/Desktop/github/Voxel_Renderer/build/CMakeFiles/CMakeTmp/CheckSymbolExists.c: In function 'main':
/home/m245/Desktop/github/Voxel_Renderer/build/CMakeFiles/CMakeTmp/CheckSymbolExists.c:14:19: error: '_ltoa' undeclared (first use in this function)
   14 |   return ((int*)(&_ltoa))[argc];
      |                   ^~~~~
/home/m245/Desktop/github/Voxel_Renderer/build/CMakeFiles/CMakeTmp/CheckSymbolExists.c:14:19: note: each undeclared identifier is reported only once for each function it appears in
make[1]: *** [CMakeFiles/cmTC_43486.dir/build.make:78: CMakeFiles/cmTC_43486.dir/CheckSymbolExists.c.o] Error 1
make[1]: Leaving directory '/home/m245/Desktop/github/Voxel_Renderer/build/CMakeFiles/CMakeTmp'
make: *** [Makefile:127: cmTC_43486/fast] Error 2


File /home/m245/Desktop/github/Voxel_Renderer/build/CMakeFiles/CMakeTmp/CheckSymbolExists.c:
/* */
#include <stddef.h>
#include <stdarg.h>
#include <stdlib.h>
#include <string.h>
#include <stdio.h>
#include <wchar.h>
#include <float.h>

int main(int argc, char** argv)
{
  (void)argv;
#ifndef _ltoa
  return ((int*)(&_ltoa))[argc];
#else
  (void)argc;
  return 0;
#endif
}
Determining if the _uitoa exist failed with the following output:
Change Dir: /home/m245/Desktop/github/Voxel_Renderer/build/CMakeFiles/CMakeTmp

Run Build Command(s):/usr/bin/make -f Makefile cmTC_ecd0d/fast && /usr/bin/make  -f CMakeFiles/cmTC_ecd0d.dir/build.make CMakeFiles/cmTC_ecd0d.dir/build
make[1]: Entering directory '/home/m245/Desktop/github/Voxel_Renderer/build/CMakeFiles/CMakeTmp'
Building C object CMakeFiles/cmTC_ecd0d.dir/CheckSymbolExists.c.o
/usr/bin/cc   -idirafter "/home/m245/Desktop/github/Voxel_Renderer/lib/SDL/src/video/khronos"  -o CMakeFiles/cmTC_ecd0d.dir/CheckSymbolExists.c.o -c /home/m245/Desktop/github/Voxel_Renderer/build/CMakeFiles/CMakeTmp/CheckSymbolExists.c
/home/m245/Desktop/github/Voxel_Renderer/build/CMakeFiles/CMakeTmp/CheckSymbolExists.c: In function 'main':
/home/m245/Desktop/github/Voxel_Renderer/build/CMakeFiles/CMakeTmp/CheckSymbolExists.c:14:19: error: '_uitoa' undeclared (first use in this function)
   14 |   return ((int*)(&_uitoa))[argc];
      |                   ^~~~~~
/home/m245/Desktop/github/Voxel_Renderer/build/CMakeFiles/CMakeTmp/CheckSymbolExists.c:14:19: note: each undeclared identifier is reported only once for each function it appears in
make[1]: *** [CMakeFiles/cmTC_ecd0d.dir/build.make:78: CMakeFiles/cmTC_ecd0d.dir/CheckSymbolExists.c.o] Error 1
make[1]: Leaving directory '/home/m245/Desktop/github/Voxel_Renderer/build/CMakeFiles/CMakeTmp'
make: *** [Makefile:127: cmTC_ecd0d/fast] Error 2


File /home/m245/Desktop/github/Voxel_Renderer/build/CMakeFiles/CMakeTmp/CheckSymbolExists.c:
/* */
#include <stddef.h>
#include <stdarg.h>
#include <stdlib.h>
#include <string.h>
#include <stdio.h>
#include <wchar.h>
#include <float.h>

int main(int argc, char** argv)
{
  (void)argv;
#ifndef _uitoa
  return ((int*)(&_uitoa))[argc];
#else
  (void)argc;
  return 0;
#endif
}
Determining if the _ultoa exist failed with the following output:
Change Dir: /home/m245/Desktop/github/Voxel_Renderer/build/CMakeFiles/CMakeTmp

Run Build Command(s):/usr/bin/make -f Makefile cmTC_cb14b/fast && /usr/bin/make  -f CMakeFiles/cmTC_cb14b.dir/build.make CMakeFiles/cmTC_cb14b.dir/build
make[1]: Entering directory '/home/m245/Desktop/github/Voxel_Renderer/build/CMakeFiles/CMakeTmp'
Building C object CMakeFiles/cmTC_cb14b.dir/CheckSymbolExists.c.o
/usr/bin/cc   -idirafter "/home/m245/Desktop/github/Voxel_Renderer/lib/SDL/src/video/khronos"  -o CMakeFiles/cmTC_cb14b.dir/CheckSymbolExists.c.o -c /home/m245/Desktop/github/Voxel_Renderer/build/CMakeFiles/CMakeTmp/CheckSymbolExists.c
/home/m245/Desktop/github/Voxel_Renderer/build/CMakeFiles/CMakeTmp/CheckSymbolExists.c: In function 'main':
/home/m245/Desktop/github/Voxel_Renderer/build/CMakeFiles/CMakeTmp/CheckSymbolExists.c:14:19: error: '_ultoa' undeclared (first use in this function)
   14 |   return ((int*)(&_ultoa))[argc];
      |                   ^~~~~~
/home/m245/Desktop/github/Voxel_Renderer/build/CMakeFiles/CMakeTmp/CheckSymbolExists.c:14:19: note: each undeclared identifier is reported only once for each function it appears in
make[1]: *** [CMakeFiles/cmTC_cb14b.dir/build.make:78: CMakeFiles/cmTC_cb14b.dir/CheckSymbolExists.c.o] Error 1
make[1]: Leaving directory '/home/m245/Desktop/github/Voxel_Renderer/build/CMakeFiles/CMakeTmp'
make: *** [Makefile:127: cmTC_cb14b/fast] Error 2


File /home/m245/Desktop/github/Voxel_Renderer/build/CMakeFiles/CMakeTmp/CheckSymbolExists.c:
/* */
#include <stddef.h>
#include <stdarg.h>
#include <stdlib.h>
#include <string.h>
#include <stdio.h>
#include <wchar.h>
#include <float.h>

int main(int argc, char** argv)
{
  (void)argv;
#ifndef _ultoa
  return ((int*)(&_ultoa))[argc];
#else
  (void)argc;
  return 0;
#endif
}
Determining if the _i64toa exist failed with the following output:
Change Dir: /home/m245/Desktop/github/Voxel_Renderer/build/CMakeFiles/CMakeTmp

Run Build Command(s):/usr/bin/make -f Makefile cmTC_ee2fa/fast && /usr/bin/make  -f CMakeFiles/cmTC_ee2fa.dir/build.make CMakeFiles/cmTC_ee2fa.dir/build
make[1]: Entering directory '/home/m245/Desktop/github/Voxel_Renderer/build/CMakeFiles/CMakeTmp'
Building C object CMakeFiles/cmTC_ee2fa.dir/CheckSymbolExists.c.o
/usr/bin/cc   -idirafter "/home/m245/Desktop/github/Voxel_Renderer/lib/SDL/src/video/khronos"  -o CMakeFiles/cmTC_ee2fa.dir/CheckSymbolExists.c.o -c /home/m245/Desktop/github/Voxel_Renderer/build/CMakeFiles/CMakeTmp/CheckSymbolExists.c
/home/m245/Desktop/github/Voxel_Renderer/build/CMakeFiles/CMakeTmp/CheckSymbolExists.c: In function 'main':
/home/m245/Desktop/github/Voxel_Renderer/build/CMakeFiles/CMakeTmp/CheckSymbolExists.c:14:19: error: '_i64toa' undeclared (first use in this function)
   14 |   return ((int*)(&_i64toa))[argc];
      |                   ^~~~~~~
/home/m245/Desktop/github/Voxel_Renderer/build/CMakeFiles/CMakeTmp/CheckSymbolExists.c:14:19: note: each undeclared identifier is reported only once for each function it appears in
make[1]: *** [CMakeFiles/cmTC_ee2fa.dir/build.make:78: CMakeFiles/cmTC_ee2fa.dir/CheckSymbolExists.c.o] Error 1
make[1]: Leaving directory '/home/m245/Desktop/github/Voxel_Renderer/build/CMakeFiles/CMakeTmp'
make: *** [Makefile:127: cmTC_ee2fa/fast] Error 2


File /home/m245/Desktop/github/Voxel_Renderer/build/CMakeFiles/CMakeTmp/CheckSymbolExists.c:
/* */
#include <stddef.h>
#include <stdarg.h>
#include <stdlib.h>
#include <string.h>
#include <stdio.h>
#include <wchar.h>
#include <float.h>

int main(int argc, char** argv)
{
  (void)argv;
#ifndef _i64toa
  return ((int*)(&_i64toa))[argc];
#else
  (void)argc;
  return 0;
#endif
}
Determining if the _ui64toa exist failed with the following output:
Change Dir: /home/m245/Desktop/github/Voxel_Renderer/build/CMakeFiles/CMakeTmp

Run Build Command(s):/usr/bin/make -f Makefile cmTC_8f8ec/fast && /usr/bin/make  -f CMakeFiles/cmTC_8f8ec.dir/build.make CMakeFiles/cmTC_8f8ec.dir/build
make[1]: Entering directory '/home/m245/Desktop/github/Voxel_Renderer/build/CMakeFiles/CMakeTmp'
Building C object CMakeFiles/cmTC_8f8ec.dir/CheckSymbolExists.c.o
/usr/bin/cc   -idirafter "/home/m245/Desktop/github/Voxel_Renderer/lib/SDL/src/video/khronos"  -o CMakeFiles/cmTC_8f8ec.dir/CheckSymbolExists.c.o -c /home/m245/Desktop/github/Voxel_Renderer/build/CMakeFiles/CMakeTmp/CheckSymbolExists.c
/home/m245/Desktop/github/Voxel_Renderer/build/CMakeFiles/CMakeTmp/CheckSymbolExists.c: In function 'main':
/home/m245/Desktop/github/Voxel_Renderer/build/CMakeFiles/CMakeTmp/CheckSymbolExists.c:14:19: error: '_ui64toa' undeclared (first use in this function)
   14 |   return ((int*)(&_ui64toa))[argc];
      |                   ^~~~~~~~
/home/m245/Desktop/github/Voxel_Renderer/build/CMakeFiles/CMakeTmp/CheckSymbolExists.c:14:19: note: each undeclared identifier is reported only once for each function it appears in
make[1]: *** [CMakeFiles/cmTC_8f8ec.dir/build.make:78: CMakeFiles/cmTC_8f8ec.dir/CheckSymbolExists.c.o] Error 1
make[1]: Leaving directory '/home/m245/Desktop/github/Voxel_Renderer/build/CMakeFiles/CMakeTmp'
make: *** [Makefile:127: cmTC_8f8ec/fast] Error 2


File /home/m245/Desktop/github/Voxel_Renderer/build/CMakeFiles/CMakeTmp/CheckSymbolExists.c:
/* */
#include <stddef.h>
#include <stdarg.h>
#include <stdlib.h>
#include <string.h>
#include <stdio.h>
#include <wchar.h>
#include <float.h>

int main(int argc, char** argv)
{
  (void)argv;
#ifndef _ui64toa
  return ((int*)(&_ui64toa))[argc];
#else
  (void)argc;
  return 0;
#endif
}
Determining if the _stricmp exist failed with the following output:
Change Dir: /home/m245/Desktop/github/Voxel_Renderer/build/CMakeFiles/CMakeTmp

Run Build Command(s):/usr/bin/make -f Makefile cmTC_b3cec/fast && /usr/bin/make  -f CMakeFiles/cmTC_b3cec.dir/build.make CMakeFiles/cmTC_b3cec.dir/build
make[1]: Entering directory '/home/m245/Desktop/github/Voxel_Renderer/build/CMakeFiles/CMakeTmp'
Building C object CMakeFiles/cmTC_b3cec.dir/CheckSymbolExists.c.o
/usr/bin/cc   -idirafter "/home/m245/Desktop/github/Voxel_Renderer/lib/SDL/src/video/khronos"  -o CMakeFiles/cmTC_b3cec.dir/CheckSymbolExists.c.o -c /home/m245/Desktop/github/Voxel_Renderer/build/CMakeFiles/CMakeTmp/CheckSymbolExists.c
/home/m245/Desktop/github/Voxel_Renderer/build/CMakeFiles/CMakeTmp/CheckSymbolExists.c: In function 'main':
/home/m245/Desktop/github/Voxel_Renderer/build/CMakeFiles/CMakeTmp/CheckSymbolExists.c:14:19: error: '_stricmp' undeclared (first use in this function); did you mean 'strncmp'?
   14 |   return ((int*)(&_stricmp))[argc];
      |                   ^~~~~~~~
      |                   strncmp
/home/m245/Desktop/github/Voxel_Renderer/build/CMakeFiles/CMakeTmp/CheckSymbolExists.c:14:19: note: each undeclared identifier is reported only once for each function it appears in
make[1]: *** [CMakeFiles/cmTC_b3cec.dir/build.make:78: CMakeFiles/cmTC_b3cec.dir/CheckSymbolExists.c.o] Error 1
make[1]: Leaving directory '/home/m245/Desktop/github/Voxel_Renderer/build/CMakeFiles/CMakeTmp'
make: *** [Makefile:127: cmTC_b3cec/fast] Error 2


File /home/m245/Desktop/github/Voxel_Renderer/build/CMakeFiles/CMakeTmp/CheckSymbolExists.c:
/* */
#include <stddef.h>
#include <stdarg.h>
#include <stdlib.h>
#include <string.h>
#include <stdio.h>
#include <wchar.h>
#include <float.h>

int main(int argc, char** argv)
{
  (void)argv;
#ifndef _stricmp
  return ((int*)(&_stricmp))[argc];
#else
  (void)argc;
  return 0;
#endif
}
Determining if the _strnicmp exist failed with the following output:
Change Dir: /home/m245/Desktop/github/Voxel_Renderer/build/CMakeFiles/CMakeTmp

Run Build Command(s):/usr/bin/make -f Makefile cmTC_4fb41/fast && /usr/bin/make  -f CMakeFiles/cmTC_4fb41.dir/build.make CMakeFiles/cmTC_4fb41.dir/build
make[1]: Entering directory '/home/m245/Desktop/github/Voxel_Renderer/build/CMakeFiles/CMakeTmp'
Building C object CMakeFiles/cmTC_4fb41.dir/CheckSymbolExists.c.o
/usr/bin/cc   -idirafter "/home/m245/Desktop/github/Voxel_Renderer/lib/SDL/src/video/khronos"  -o CMakeFiles/cmTC_4fb41.dir/CheckSymbolExists.c.o -c /home/m245/Desktop/github/Voxel_Renderer/build/CMakeFiles/CMakeTmp/CheckSymbolExists.c
/home/m245/Desktop/github/Voxel_Renderer/build/CMakeFiles/CMakeTmp/CheckSymbolExists.c: In function 'main':
/home/m245/Desktop/github/Voxel_Renderer/build/CMakeFiles/CMakeTmp/CheckSymbolExists.c:14:19: error: '_strnicmp' undeclared (first use in this function); did you mean 'strncmp'?
   14 |   return ((int*)(&_strnicmp))[argc];
      |                   ^~~~~~~~~
      |                   strncmp
/home/m245/Desktop/github/Voxel_Renderer/build/CMakeFiles/CMakeTmp/CheckSymbolExists.c:14:19: note: each undeclared identifier is reported only once for each function it appears in
make[1]: *** [CMakeFiles/cmTC_4fb41.dir/build.make:78: CMakeFiles/cmTC_4fb41.dir/CheckSymbolExists.c.o] Error 1
make[1]: Leaving directory '/home/m245/Desktop/github/Voxel_Renderer/build/CMakeFiles/CMakeTmp'
make: *** [Makefile:127: cmTC_4fb41/fast] Error 2


File /home/m245/Desktop/github/Voxel_Renderer/build/CMakeFiles/CMakeTmp/CheckSymbolExists.c:
/* */
#include <stddef.h>
#include <stdarg.h>
#include <stdlib.h>
#include <string.h>
#include <stdio.h>
#include <wchar.h>
#include <float.h>

int main(int argc, char** argv)
{
  (void)argv;
#ifndef _strnicmp
  return ((int*)(&_strnicmp))[argc];
#else
  (void)argc;
  return 0;
#endif
}
Determining if the _wcsdup exist failed with the following output:
Change Dir: /home/m245/Desktop/github/Voxel_Renderer/build/CMakeFiles/CMakeTmp

Run Build Command(s):/usr/bin/make -f Makefile cmTC_0fb9b/fast && /usr/bin/make  -f CMakeFiles/cmTC_0fb9b.dir/build.make CMakeFiles/cmTC_0fb9b.dir/build
make[1]: Entering directory '/home/m245/Desktop/github/Voxel_Renderer/build/CMakeFiles/CMakeTmp'
Building C object CMakeFiles/cmTC_0fb9b.dir/CheckSymbolExists.c.o
/usr/bin/cc   -idirafter "/home/m245/Desktop/github/Voxel_Renderer/lib/SDL/src/video/khronos"  -o CMakeFiles/cmTC_0fb9b.dir/CheckSymbolExists.c.o -c /home/m245/Desktop/github/Voxel_Renderer/build/CMakeFiles/CMakeTmp/CheckSymbolExists.c
/home/m245/Desktop/github/Voxel_Renderer/build/CMakeFiles/CMakeTmp/CheckSymbolExists.c: In function 'main':
/home/m245/Desktop/github/Voxel_Renderer/build/CMakeFiles/CMakeTmp/CheckSymbolExists.c:14:19: error: '_wcsdup' undeclared (first use in this function); did you mean 'wcsdup'?
   14 |   return ((int*)(&_wcsdup))[argc];
      |                   ^~~~~~~
      |                   wcsdup
/home/m245/Desktop/github/Voxel_Renderer/build/CMakeFiles/CMakeTmp/CheckSymbolExists.c:14:19: note: each undeclared identifier is reported only once for each function it appears in
make[1]: *** [CMakeFiles/cmTC_0fb9b.dir/build.make:78: CMakeFiles/cmTC_0fb9b.dir/CheckSymbolExists.c.o] Error 1
make[1]: Leaving directory '/home/m245/Desktop/github/Voxel_Renderer/build/CMakeFiles/CMakeTmp'
make: *** [Makefile:127: cmTC_0fb9b/fast] Error 2


File /home/m245/Desktop/github/Voxel_Renderer/build/CMakeFiles/CMakeTmp/CheckSymbolExists.c:
/* */
#include <stddef.h>
#include <stdarg.h>
#include <stdlib.h>
#include <string.h>
#include <stdio.h>
#include <wchar.h>
#include <float.h>

int main(int argc, char** argv)
{
  (void)argv;
#ifndef _wcsdup
  return ((int*)(&_wcsdup))[argc];
#else
  (void)argc;
  return 0;
#endif
}
Determining if the wcslcat exist failed with the following output:
Change Dir: /home/m245/Desktop/github/Voxel_Renderer/build/CMakeFiles/CMakeTmp

Run Build Command(s):/usr/bin/make -f Makefile cmTC_d4ca5/fast && /usr/bin/make  -f CMakeFiles/cmTC_d4ca5.dir/build.make CMakeFiles/cmTC_d4ca5.dir/build
make[1]: Entering directory '/home/m245/Desktop/github/Voxel_Renderer/build/CMakeFiles/CMakeTmp'
Building C object CMakeFiles/cmTC_d4ca5.dir/CheckSymbolExists.c.o
/usr/bin/cc   -idirafter "/home/m245/Desktop/github/Voxel_Renderer/lib/SDL/src/video/khronos"  -o CMakeFiles/cmTC_d4ca5.dir/CheckSymbolExists.c.o -c /home/m245/Desktop/github/Voxel_Renderer/build/CMakeFiles/CMakeTmp/CheckSymbolExists.c
/home/m245/Desktop/github/Voxel_Renderer/build/CMakeFiles/CMakeTmp/CheckSymbolExists.c: In function 'main':
/home/m245/Desktop/github/Voxel_Renderer/build/CMakeFiles/CMakeTmp/CheckSymbolExists.c:14:19: error: 'wcslcat' undeclared (first use in this function); did you mean 'wcsncat'?
   14 |   return ((int*)(&wcslcat))[argc];
      |                   ^~~~~~~
      |                   wcsncat
/home/m245/Desktop/github/Voxel_Renderer/build/CMakeFiles/CMakeTmp/CheckSymbolExists.c:14:19: note: each undeclared identifier is reported only once for each function it appears in
make[1]: *** [CMakeFiles/cmTC_d4ca5.dir/build.make:78: CMakeFiles/cmTC_d4ca5.dir/CheckSymbolExists.c.o] Error 1
make[1]: Leaving directory '/home/m245/Desktop/github/Voxel_Renderer/build/CMakeFiles/CMakeTmp'
make: *** [Makefile:127: cmTC_d4ca5/fast] Error 2


File /home/m245/Desktop/github/Voxel_Renderer/build/CMakeFiles/CMakeTmp/CheckSymbolExists.c:
/* */
#include <stddef.h>
#include <stdarg.h>
#include <stdlib.h>
#include <string.h>
#include <stdio.h>
#include <wchar.h>
#include <float.h>

int main(int argc, char** argv)
{
  (void)argv;
#ifndef wcslcat
  return ((int*)(&wcslcat))[argc];
#else
  (void)argc;
  return 0;
#endif
}
Determining if the wcslcpy exist failed with the following output:
Change Dir: /home/m245/Desktop/github/Voxel_Renderer/build/CMakeFiles/CMakeTmp

Run Build Command(s):/usr/bin/make -f Makefile cmTC_d10ae/fast && /usr/bin/make  -f CMakeFiles/cmTC_d10ae.dir/build.make CMakeFiles/cmTC_d10ae.dir/build
make[1]: Entering directory '/home/m245/Desktop/github/Voxel_Renderer/build/CMakeFiles/CMakeTmp'
Building C object CMakeFiles/cmTC_d10ae.dir/CheckSymbolExists.c.o
/usr/bin/cc   -idirafter "/home/m245/Desktop/github/Voxel_Renderer/lib/SDL/src/video/khronos"  -o CMakeFiles/cmTC_d10ae.dir/CheckSymbolExists.c.o -c /home/m245/Desktop/github/Voxel_Renderer/build/CMakeFiles/CMakeTmp/CheckSymbolExists.c
/home/m245/Desktop/github/Voxel_Renderer/build/CMakeFiles/CMakeTmp/CheckSymbolExists.c: In function 'main':
/home/m245/Desktop/github/Voxel_Renderer/build/CMakeFiles/CMakeTmp/CheckSymbolExists.c:14:19: error: 'wcslcpy' undeclared (first use in this function); did you mean 'wcsncpy'?
   14 |   return ((int*)(&wcslcpy))[argc];
      |                   ^~~~~~~
      |                   wcsncpy
/home/m245/Desktop/github/Voxel_Renderer/build/CMakeFiles/CMakeTmp/CheckSymbolExists.c:14:19: note: each undeclared identifier is reported only once for each function it appears in
make[1]: *** [CMakeFiles/cmTC_d10ae.dir/build.make:78: CMakeFiles/cmTC_d10ae.dir/CheckSymbolExists.c.o] Error 1
make[1]: Leaving directory '/home/m245/Desktop/github/Voxel_Renderer/build/CMakeFiles/CMakeTmp'
make: *** [Makefile:127: cmTC_d10ae/fast] Error 2


File /home/m245/Desktop/github/Voxel_Renderer/build/CMakeFiles/CMakeTmp/CheckSymbolExists.c:
/* */
#include <stddef.h>
#include <stdarg.h>
#include <stdlib.h>
#include <string.h>
#include <stdio.h>
#include <wchar.h>
#include <float.h>

int main(int argc, char** argv)
{
  (void)argv;
#ifndef wcslcpy
  return ((int*)(&wcslcpy))[argc];
#else
  (void)argc;
  return 0;
#endif
}
Determining if the _wcsicmp exist failed with the following output:
Change Dir: /home/m245/Desktop/github/Voxel_Renderer/build/CMakeFiles/CMakeTmp

Run Build Command(s):/usr/bin/make -f Makefile cmTC_55046/fast && /usr/bin/make  -f CMakeFiles/cmTC_55046.dir/build.make CMakeFiles/cmTC_55046.dir/build
make[1]: Entering directory '/home/m245/Desktop/github/Voxel_Renderer/build/CMakeFiles/CMakeTmp'
Building C object CMakeFiles/cmTC_55046.dir/CheckSymbolExists.c.o
/usr/bin/cc   -idirafter "/home/m245/Desktop/github/Voxel_Renderer/lib/SDL/src/video/khronos"  -o CMakeFiles/cmTC_55046.dir/CheckSymbolExists.c.o -c /home/m245/Desktop/github/Voxel_Renderer/build/CMakeFiles/CMakeTmp/CheckSymbolExists.c
/home/m245/Desktop/github/Voxel_Renderer/build/CMakeFiles/CMakeTmp/CheckSymbolExists.c: In function 'main':
/home/m245/Desktop/github/Voxel_Renderer/build/CMakeFiles/CMakeTmp/CheckSymbolExists.c:14:19: error: '_wcsicmp' undeclared (first use in this function); did you mean 'wcsncmp'?
   14 |   return ((int*)(&_wcsicmp))[argc];
      |                   ^~~~~~~~
      |                   wcsncmp
/home/m245/Desktop/github/Voxel_Renderer/build/CMakeFiles/CMakeTmp/CheckSymbolExists.c:14:19: note: each undeclared identifier is reported only once for each function it appears in
make[1]: *** [CMakeFiles/cmTC_55046.dir/build.make:78: CMakeFiles/cmTC_55046.dir/CheckSymbolExists.c.o] Error 1
make[1]: Leaving directory '/home/m245/Desktop/github/Voxel_Renderer/build/CMakeFiles/CMakeTmp'
make: *** [Makefile:127: cmTC_55046/fast] Error 2


File /home/m245/Desktop/github/Voxel_Renderer/build/CMakeFiles/CMakeTmp/CheckSymbolExists.c:
/* */
#include <stddef.h>
#include <stdarg.h>
#include <stdlib.h>
#include <string.h>
#include <stdio.h>
#include <wchar.h>
#include <float.h>

int main(int argc, char** argv)
{
  (void)argv;
#ifndef _wcsicmp
  return ((int*)(&_wcsicmp))[argc];
#else
  (void)argc;
  return 0;
#endif
}
Determining if the _wcsnicmp exist failed with the following output:
Change Dir: /home/m245/Desktop/github/Voxel_Renderer/build/CMakeFiles/CMakeTmp

Run Build Command(s):/usr/bin/make -f Makefile cmTC_cb205/fast && /usr/bin/make  -f CMakeFiles/cmTC_cb205.dir/build.make CMakeFiles/cmTC_cb205.dir/build
make[1]: Entering directory '/home/m245/Desktop/github/Voxel_Renderer/build/CMakeFiles/CMakeTmp'
Building C object CMakeFiles/cmTC_cb205.dir/CheckSymbolExists.c.o
/usr/bin/cc   -idirafter "/home/m245/Desktop/github/Voxel_Renderer/lib/SDL/src/video/khronos"  -o CMakeFiles/cmTC_cb205.dir/CheckSymbolExists.c.o -c /home/m245/Desktop/github/Voxel_Renderer/build/CMakeFiles/CMakeTmp/CheckSymbolExists.c
/home/m245/Desktop/github/Voxel_Renderer/build/CMakeFiles/CMakeTmp/CheckSymbolExists.c: In function 'main':
/home/m245/Desktop/github/Voxel_Renderer/build/CMakeFiles/CMakeTmp/CheckSymbolExists.c:14:19: error: '_wcsnicmp' undeclared (first use in this function); did you mean 'wcsncmp'?
   14 |   return ((int*)(&_wcsnicmp))[argc];
      |                   ^~~~~~~~~
      |                   wcsncmp
/home/m245/Desktop/github/Voxel_Renderer/build/CMakeFiles/CMakeTmp/CheckSymbolExists.c:14:19: note: each undeclared identifier is reported only once for each function it appears in
make[1]: *** [CMakeFiles/cmTC_cb205.dir/build.make:78: CMakeFiles/cmTC_cb205.dir/CheckSymbolExists.c.o] Error 1
make[1]: Leaving directory '/home/m245/Desktop/github/Voxel_Renderer/build/CMakeFiles/CMakeTmp'
make: *** [Makefile:127: cmTC_cb205/fast] Error 2


File /home/m245/Desktop/github/Voxel_Renderer/build/CMakeFiles/CMakeTmp/CheckSymbolExists.c:
/* */
#include <stddef.h>
#include <stdarg.h>
#include <stdlib.h>
#include <string.h>
#include <stdio.h>
#include <wchar.h>
#include <float.h>

int main(int argc, char** argv)
{
  (void)argv;
#ifndef _wcsnicmp
  return ((int*)(&_wcsnicmp))[argc];
#else
  (void)argc;
  return 0;
#endif
}
Determining if the fopen64 exist failed with the following output:
Change Dir: /home/m245/Desktop/github/Voxel_Renderer/build/CMakeFiles/CMakeTmp

Run Build Command(s):/usr/bin/make -f Makefile cmTC_22e20/fast && /usr/bin/make  -f CMakeFiles/cmTC_22e20.dir/build.make CMakeFiles/cmTC_22e20.dir/build
make[1]: Entering directory '/home/m245/Desktop/github/Voxel_Renderer/build/CMakeFiles/CMakeTmp'
Building C object CMakeFiles/cmTC_22e20.dir/CheckSymbolExists.c.o
/usr/bin/cc   -idirafter "/home/m245/Desktop/github/Voxel_Renderer/lib/SDL/src/video/khronos"  -o CMakeFiles/cmTC_22e20.dir/CheckSymbolExists.c.o -c /home/m245/Desktop/github/Voxel_Renderer/build/CMakeFiles/CMakeTmp/CheckSymbolExists.c
/home/m245/Desktop/github/Voxel_Renderer/build/CMakeFiles/CMakeTmp/CheckSymbolExists.c: In function 'main':
/home/m245/Desktop/github/Voxel_Renderer/build/CMakeFiles/CMakeTmp/CheckSymbolExists.c:14:19: error: 'fopen64' undeclared (first use in this function); did you mean 'fopen'?
   14 |   return ((int*)(&fopen64))[argc];
      |                   ^~~~~~~
      |                   fopen
/home/m245/Desktop/github/Voxel_Renderer/build/CMakeFiles/CMakeTmp/CheckSymbolExists.c:14:19: note: each undeclared identifier is reported only once for each function it appears in
make[1]: *** [CMakeFiles/cmTC_22e20.dir/build.make:78: CMakeFiles/cmTC_22e20.dir/CheckSymbolExists.c.o] Error 1
make[1]: Leaving directory '/home/m245/Desktop/github/Voxel_Renderer/build/CMakeFiles/CMakeTmp'
make: *** [Makefile:127: cmTC_22e20/fast] Error 2


File /home/m245/Desktop/github/Voxel_Renderer/build/CMakeFiles/CMakeTmp/CheckSymbolExists.c:
/* */
#include <stddef.h>
#include <stdarg.h>
#include <stdlib.h>
#include <string.h>
#include <stdio.h>
#include <wchar.h>
#include <float.h>

int main(int argc, char** argv)
{
  (void)argv;
#ifndef fopen64
  return ((int*)(&fopen64))[argc];
#else
  (void)argc;
  return 0;
#endif
}
Determining if the fseeko64 exist failed with the following output:
Change Dir: /home/m245/Desktop/github/Voxel_Renderer/build/CMakeFiles/CMakeTmp

Run Build Command(s):/usr/bin/make -f Makefile cmTC_032b4/fast && /usr/bin/make  -f CMakeFiles/cmTC_032b4.dir/build.make CMakeFiles/cmTC_032b4.dir/build
make[1]: Entering directory '/home/m245/Desktop/github/Voxel_Renderer/build/CMakeFiles/CMakeTmp'
Building C object CMakeFiles/cmTC_032b4.dir/CheckSymbolExists.c.o
/usr/bin/cc   -idirafter "/home/m245/Desktop/github/Voxel_Renderer/lib/SDL/src/video/khronos"  -o CMakeFiles/cmTC_032b4.dir/CheckSymbolExists.c.o -c /home/m245/Desktop/github/Voxel_Renderer/build/CMakeFiles/CMakeTmp/CheckSymbolExists.c
/home/m245/Desktop/github/Voxel_Renderer/build/CMakeFiles/CMakeTmp/CheckSymbolExists.c: In function 'main':
/home/m245/Desktop/github/Voxel_Renderer/build/CMakeFiles/CMakeTmp/CheckSymbolExists.c:14:19: error: 'fseeko64' undeclared (first use in this function); did you mean 'fseeko'?
   14 |   return ((int*)(&fseeko64))[argc];
      |                   ^~~~~~~~
      |                   fseeko
/home/m245/Desktop/github/Voxel_Renderer/build/CMakeFiles/CMakeTmp/CheckSymbolExists.c:14:19: note: each undeclared identifier is reported only once for each function it appears in
make[1]: *** [CMakeFiles/cmTC_032b4.dir/build.make:78: CMakeFiles/cmTC_032b4.dir/CheckSymbolExists.c.o] Error 1
make[1]: Leaving directory '/home/m245/Desktop/github/Voxel_Renderer/build/CMakeFiles/CMakeTmp'
make: *** [Makefile:127: cmTC_032b4/fast] Error 2


File /home/m245/Desktop/github/Voxel_Renderer/build/CMakeFiles/CMakeTmp/CheckSymbolExists.c:
/* */
#include <stddef.h>
#include <stdarg.h>
#include <stdlib.h>
#include <string.h>
#include <stdio.h>
#include <wchar.h>
#include <float.h>

int main(int argc, char** argv)
{
  (void)argv;
#ifndef fseeko64
  return ((int*)(&fseeko64))[argc];
#else
  (void)argc;
  return 0;
#endif
}
Determining if the sysctlbyname exist failed with the following output:
Change Dir: /home/m245/Desktop/github/Voxel_Renderer/build/CMakeFiles/CMakeTmp

Run Build Command(s):/usr/bin/make -f Makefile cmTC_3098a/fast && /usr/bin/make  -f CMakeFiles/cmTC_3098a.dir/build.make CMakeFiles/cmTC_3098a.dir/build
make[1]: Entering directory '/home/m245/Desktop/github/Voxel_Renderer/build/CMakeFiles/CMakeTmp'
Building C object CMakeFiles/cmTC_3098a.dir/CheckSymbolExists.c.o
/usr/bin/cc   -idirafter "/home/m245/Desktop/github/Voxel_Renderer/lib/SDL/src/video/khronos"  -o CMakeFiles/cmTC_3098a.dir/CheckSymbolExists.c.o -c /home/m245/Desktop/github/Voxel_Renderer/build/CMakeFiles/CMakeTmp/CheckSymbolExists.c
/home/m245/Desktop/github/Voxel_Renderer/build/CMakeFiles/CMakeTmp/CheckSymbolExists.c:3:10: fatal error: sys/sysctl.h: No such file or directory
    3 | #include <sys/sysctl.h>
      |          ^~~~~~~~~~~~~~
compilation terminated.
make[1]: *** [CMakeFiles/cmTC_3098a.dir/build.make:78: CMakeFiles/cmTC_3098a.dir/CheckSymbolExists.c.o] Error 1
make[1]: Leaving directory '/home/m245/Desktop/github/Voxel_Renderer/build/CMakeFiles/CMakeTmp'
make: *** [Makefile:127: cmTC_3098a/fast] Error 2


File /home/m245/Desktop/github/Voxel_Renderer/build/CMakeFiles/CMakeTmp/CheckSymbolExists.c:
/* */
#include <sys/types.h>
#include <sys/sysctl.h>

int main(int argc, char** argv)
{
  (void)argv;
#ifndef sysctlbyname
  return ((int*)(&sysctlbyname))[argc];
#else
  (void)argc;
  return 0;
#endif
}
Determining if the elf_aux_info exist failed with the following output:
Change Dir: /home/m245/Desktop/github/Voxel_Renderer/build/CMakeFiles/CMakeTmp

Run Build Command(s):/usr/bin/make -f Makefile cmTC_29ed3/fast && /usr/bin/make  -f CMakeFiles/cmTC_29ed3.dir/build.make CMakeFiles/cmTC_29ed3.dir/build
make[1]: Entering directory '/home/m245/Desktop/github/Voxel_Renderer/build/CMakeFiles/CMakeTmp'
Building C object CMakeFiles/cmTC_29ed3.dir/CheckSymbolExists.c.o
/usr/bin/cc   -idirafter "/home/m245/Desktop/github/Voxel_Renderer/lib/SDL/src/video/khronos"  -o CMakeFiles/cmTC_29ed3.dir/CheckSymbolExists.c.o -c /home/m245/Desktop/github/Voxel_Renderer/build/CMakeFiles/CMakeTmp/CheckSymbolExists.c
/home/m245/Desktop/github/Voxel_Renderer/build/CMakeFiles/CMakeTmp/CheckSymbolExists.c: In function 'main':
/home/m245/Desktop/github/Voxel_Renderer/build/CMakeFiles/CMakeTmp/CheckSymbolExists.c:8:19: error: 'elf_aux_info' undeclared (first use in this function)
    8 |   return ((int*)(&elf_aux_info))[argc];
      |                   ^~~~~~~~~~~~
/home/m245/Desktop/github/Voxel_Renderer/build/CMakeFiles/CMakeTmp/CheckSymbolExists.c:8:19: note: each undeclared identifier is reported only once for each function it appears in
make[1]: *** [CMakeFiles/cmTC_29ed3.dir/build.make:78: CMakeFiles/cmTC_29ed3.dir/CheckSymbolExists.c.o] Error 1
make[1]: Leaving directory '/home/m245/Desktop/github/Voxel_Renderer/build/CMakeFiles/CMakeTmp'
make: *** [Makefile:127: cmTC_29ed3/fast] Error 2


File /home/m245/Desktop/github/Voxel_Renderer/build/CMakeFiles/CMakeTmp/CheckSymbolExists.c:
/* */
#include <sys/auxv.h>

int main(int argc, char** argv)
{
  (void)argv;
#ifndef elf_aux_info
  return ((int*)(&elf_aux_info))[argc];
#else
  (void)argc;
  return 0;
#endif
}
Determining if the function iconv_open exists in the iconv failed with the following output:
Change Dir: /home/m245/Desktop/github/Voxel_Renderer/build/CMakeFiles/CMakeTmp

Run Build Command(s):/usr/bin/make -f Makefile cmTC_60146/fast && /usr/bin/make  -f CMakeFiles/cmTC_60146.dir/build.make CMakeFiles/cmTC_60146.dir/build
make[1]: Entering directory '/home/m245/Desktop/github/Voxel_Renderer/build/CMakeFiles/CMakeTmp'
Building C object CMakeFiles/cmTC_60146.dir/CheckFunctionExists.c.o
/usr/bin/cc   -idirafter "/home/m245/Desktop/github/Voxel_Renderer/lib/SDL/src/video/khronos" -DCHECK_FUNCTION_EXISTS=iconv_open -o CMakeFiles/cmTC_60146.dir/CheckFunctionExists.c.o -c /usr/share/cmake/Modules/CheckFunctionExists.c
Linking C executable cmTC_60146
/usr/bin/cmake -E cmake_link_script CMakeFiles/cmTC_60146.dir/link.txt --verbose=1
/usr/bin/cc  -idirafter "/home/m245/Desktop/github/Voxel_Renderer/lib/SDL/src/video/khronos" -DCHECK_FUNCTION_EXISTS=iconv_open -rdynamic CMakeFiles/cmTC_60146.dir/CheckFunctionExists.c.o -o cmTC_60146  -liconv 
/usr/bin/ld: cannot find -liconv: No such file or directory
collect2: error: ld returned 1 exit status
make[1]: *** [CMakeFiles/cmTC_60146.dir/build.make:99: cmTC_60146] Error 1
make[1]: Leaving directory '/home/m245/Desktop/github/Voxel_Renderer/build/CMakeFiles/CMakeTmp'
make: *** [Makefile:127: cmTC_60146/fast] Error 2



Determining if the alloca exist failed with the following output:
Change Dir: /home/m245/Desktop/github/Voxel_Renderer/build/CMakeFiles/CMakeTmp

Run Build Command(s):/usr/bin/make -f Makefile cmTC_89103/fast && /usr/bin/make  -f CMakeFiles/cmTC_89103.dir/build.make CMakeFiles/cmTC_89103.dir/build
make[1]: Entering directory '/home/m245/Desktop/github/Voxel_Renderer/build/CMakeFiles/CMakeTmp'
Building C object CMakeFiles/cmTC_89103.dir/CheckSymbolExists.c.o
/usr/bin/cc   -idirafter "/home/m245/Desktop/github/Voxel_Renderer/lib/SDL/src/video/khronos"  -o CMakeFiles/cmTC_89103.dir/CheckSymbolExists.c.o -c /home/m245/Desktop/github/Voxel_Renderer/build/CMakeFiles/CMakeTmp/CheckSymbolExists.c
/home/m245/Desktop/github/Voxel_Renderer/build/CMakeFiles/CMakeTmp/CheckSymbolExists.c: In function 'main':
/home/m245/Desktop/github/Voxel_Renderer/build/CMakeFiles/CMakeTmp/CheckSymbolExists.c:8:19: error: 'alloca' undeclared (first use in this function); did you mean 'valloc'?
    8 |   return ((int*)(&alloca))[argc];
      |                   ^~~~~~
      |                   valloc
/home/m245/Desktop/github/Voxel_Renderer/build/CMakeFiles/CMakeTmp/CheckSymbolExists.c:8:19: note: each undeclared identifier is reported only once for each function it appears in
make[1]: *** [CMakeFiles/cmTC_89103.dir/build.make:78: CMakeFiles/cmTC_89103.dir/CheckSymbolExists.c.o] Error 1
make[1]: Leaving directory '/home/m245/Desktop/github/Voxel_Renderer/build/CMakeFiles/CMakeTmp'
make: *** [Makefile:127: cmTC_89103/fast] Error 2


File /home/m245/Desktop/github/Voxel_Renderer/build/CMakeFiles/CMakeTmp/CheckSymbolExists.c:
/* */
#include <malloc.h>

int main(int argc, char** argv)
{
  (void)argv;
#ifndef alloca
  return ((int*)(&alloca))[argc];
#else
  (void)argc;
  return 0;
#endif
}
Determining if the include file audio/audiolib.h exists failed with the following output:
Change Dir: /home/m245/Desktop/github/Voxel_Renderer/build/CMakeFiles/CMakeTmp

Run Build Command(s):/usr/bin/make -f Makefile cmTC_41497/fast && /usr/bin/make  -f CMakeFiles/cmTC_41497.dir/build.make CMakeFiles/cmTC_41497.dir/build
make[1]: Entering directory '/home/m245/Desktop/github/Voxel_Renderer/build/CMakeFiles/CMakeTmp'
Building C object CMakeFiles/cmTC_41497.dir/CheckIncludeFile.c.o
/usr/bin/cc   -idirafter "/home/m245/Desktop/github/Voxel_Renderer/lib/SDL/src/video/khronos"  -o CMakeFiles/cmTC_41497.dir/CheckIncludeFile.c.o -c /home/m245/Desktop/github/Voxel_Renderer/build/CMakeFiles/CMakeTmp/CheckIncludeFile.c
/home/m245/Desktop/github/Voxel_Renderer/build/CMakeFiles/CMakeTmp/CheckIncludeFile.c:1:10: fatal error: audio/audiolib.h: No such file or directory
    1 | #include <audio/audiolib.h>
      |          ^~~~~~~~~~~~~~~~~~
compilation terminated.
make[1]: *** [CMakeFiles/cmTC_41497.dir/build.make:78: CMakeFiles/cmTC_41497.dir/CheckIncludeFile.c.o] Error 1
make[1]: Leaving directory '/home/m245/Desktop/github/Voxel_Renderer/build/CMakeFiles/CMakeTmp'
make: *** [Makefile:127: cmTC_41497/fast] Error 2



Determining if the include file sndio.h exists failed with the following output:
Change Dir: /home/m245/Desktop/github/Voxel_Renderer/build/CMakeFiles/CMakeTmp

Run Build Command(s):/usr/bin/make -f Makefile cmTC_91c7c/fast && /usr/bin/make  -f CMakeFiles/cmTC_91c7c.dir/build.make CMakeFiles/cmTC_91c7c.dir/build
make[1]: Entering directory '/home/m245/Desktop/github/Voxel_Renderer/build/CMakeFiles/CMakeTmp'
Building C object CMakeFiles/cmTC_91c7c.dir/CheckIncludeFile.c.o
/usr/bin/cc   -idirafter "/home/m245/Desktop/github/Voxel_Renderer/lib/SDL/src/video/khronos"  -o CMakeFiles/cmTC_91c7c.dir/CheckIncludeFile.c.o -c /home/m245/Desktop/github/Voxel_Renderer/build/CMakeFiles/CMakeTmp/CheckIncludeFile.c
/home/m245/Desktop/github/Voxel_Renderer/build/CMakeFiles/CMakeTmp/CheckIncludeFile.c:1:10: fatal error: sndio.h: No such file or directory
    1 | #include <sndio.h>
      |          ^~~~~~~~~
compilation terminated.
make[1]: *** [CMakeFiles/cmTC_91c7c.dir/build.make:78: CMakeFiles/cmTC_91c7c.dir/CheckIncludeFile.c.o] Error 1
make[1]: Leaving directory '/home/m245/Desktop/github/Voxel_Renderer/build/CMakeFiles/CMakeTmp'
make: *** [Makefile:127: cmTC_91c7c/fast] Error 2



Performing C SOURCE FILE Test HAVE_RPI failed with the following output:
Change Dir: /home/m245/Desktop/github/Voxel_Renderer/build/CMakeFiles/CMakeTmp

Run Build Command(s):/usr/bin/make -f Makefile cmTC_462f8/fast && /usr/bin/make  -f CMakeFiles/cmTC_462f8.dir/build.make CMakeFiles/cmTC_462f8.dir/build
make[1]: Entering directory '/home/m245/Desktop/github/Voxel_Renderer/build/CMakeFiles/CMakeTmp'
Building C object CMakeFiles/cmTC_462f8.dir/src.c.o
/usr/bin/cc -DHAVE_RPI  -idirafter "/home/m245/Desktop/github/Voxel_Renderer/lib/SDL/src/video/khronos"   -I/opt/vc/include -I/opt/vc/include/interface/vcos/pthreads -I/opt/vc/include/interface/vmcs_host/linux/  -L/opt/vc/lib -o CMakeFiles/cmTC_462f8.dir/src.c.o -c /home/m245/Desktop/github/Voxel_Renderer/build/CMakeFiles/CMakeTmp/src.c
/home/m245/Desktop/github/Voxel_Renderer/build/CMakeFiles/CMakeTmp/src.c:2:18: fatal error: bcm_host.h: No such file or directory
    2 |         #include <bcm_host.h>
      |                  ^~~~~~~~~~~~
compilation terminated.
make[1]: *** [CMakeFiles/cmTC_462f8.dir/build.make:78: CMakeFiles/cmTC_462f8.dir/src.c.o] Error 1
make[1]: Leaving directory '/home/m245/Desktop/github/Voxel_Renderer/build/CMakeFiles/CMakeTmp'
make: *** [Makefile:127: cmTC_462f8/fast] Error 2


Source file was:

        #include <bcm_host.h>
        #include <EGL/eglplatform.h>
        int main(int argc, char **argv) {
          EGL_DISPMANX_WINDOW_T window;
          bcm_host_init();
        }
Performing C SOURCE FILE Test HAVE_OPENGLES_V1 failed with the following output:
Change Dir: /home/m245/Desktop/github/Voxel_Renderer/build/CMakeFiles/CMakeTmp

Run Build Command(s):/usr/bin/make -f Makefile cmTC_03ad7/fast && /usr/bin/make  -f CMakeFiles/cmTC_03ad7.dir/build.make CMakeFiles/cmTC_03ad7.dir/build
make[1]: Entering directory '/home/m245/Desktop/github/Voxel_Renderer/build/CMakeFiles/CMakeTmp'
Building C object CMakeFiles/cmTC_03ad7.dir/src.c.o
/usr/bin/cc -DHAVE_OPENGLES_V1  -idirafter "/home/m245/Desktop/github/Voxel_Renderer/lib/SDL/src/video/khronos"  -o CMakeFiles/cmTC_03ad7.dir/src.c.o -c /home/m245/Desktop/github/Voxel_Renderer/build/CMakeFiles/CMakeTmp/src.c
/home/m245/Desktop/github/Voxel_Renderer/build/CMakeFiles/CMakeTmp/src.c:2:18: fatal error: GLES/gl.h: No such file or directory
    2 |         #include <GLES/gl.h>
      |                  ^~~~~~~~~~~
compilation terminated.
make[1]: *** [CMakeFiles/cmTC_03ad7.dir/build.make:78: CMakeFiles/cmTC_03ad7.dir/src.c.o] Error 1
make[1]: Leaving directory '/home/m245/Desktop/github/Voxel_Renderer/build/CMakeFiles/CMakeTmp'
make: *** [Makefile:127: cmTC_03ad7/fast] Error 2


Source file was:

        #include <GLES/gl.h>
        #include <GLES/glext.h>
        int main (int argc, char** argv) { return 0; }
Performing C SOURCE FILE Test HAVE_VIVANTE_VDK failed with the following output:
Change Dir: /home/m245/Desktop/github/Voxel_Renderer/build/CMakeFiles/CMakeTmp

Run Build Command(s):/usr/bin/make -f Makefile cmTC_60c12/fast && /usr/bin/make  -f CMakeFiles/cmTC_60c12.dir/build.make CMakeFiles/cmTC_60c12.dir/build
make[1]: Entering directory '/home/m245/Desktop/github/Voxel_Renderer/build/CMakeFiles/CMakeTmp'
Building C object CMakeFiles/cmTC_60c12.dir/src.c.o
/usr/bin/cc -DHAVE_VIVANTE_VDK  -idirafter "/home/m245/Desktop/github/Voxel_Renderer/lib/SDL/src/video/khronos"  -o CMakeFiles/cmTC_60c12.dir/src.c.o -c /home/m245/Desktop/github/Voxel_Renderer/build/CMakeFiles/CMakeTmp/src.c
/home/m245/Desktop/github/Voxel_Renderer/build/CMakeFiles/CMakeTmp/src.c:2:18: fatal error: gc_vdk.h: No such file or directory
    2 |         #include <gc_vdk.h>
      |                  ^~~~~~~~~~
compilation terminated.
make[1]: *** [CMakeFiles/cmTC_60c12.dir/build.make:78: CMakeFiles/cmTC_60c12.dir/src.c.o] Error 1
make[1]: Leaving directory '/home/m245/Desktop/github/Voxel_Renderer/build/CMakeFiles/CMakeTmp'
make: *** [Makefile:127: cmTC_60c12/fast] Error 2


Source file was:

        #include <gc_vdk.h>
        int main(int argc, char** argv) { return 0; }
Performing C SOURCE FILE Test HAVE_VIVANTE_EGL_FB failed with the following output:
Change Dir: /home/m245/Desktop/github/Voxel_Renderer/build/CMakeFiles/CMakeTmp

Run Build Command(s):/usr/bin/make -f Makefile cmTC_c50e6/fast && /usr/bin/make  -f CMakeFiles/cmTC_c50e6.dir/build.make CMakeFiles/cmTC_c50e6.dir/build
make[1]: Entering directory '/home/m245/Desktop/github/Voxel_Renderer/build/CMakeFiles/CMakeTmp'
Building C object CMakeFiles/cmTC_c50e6.dir/src.c.o
/usr/bin/cc -DHAVE_VIVANTE_EGL_FB  -idirafter "/home/m245/Desktop/github/Voxel_Renderer/lib/SDL/src/video/khronos"  -o CMakeFiles/cmTC_c50e6.dir/src.c.o -c /home/m245/Desktop/github/Voxel_Renderer/build/CMakeFiles/CMakeTmp/src.c
/home/m245/Desktop/github/Voxel_Renderer/build/CMakeFiles/CMakeTmp/src.c:4:18: fatal error: EGL/eglvivante.h: No such file or directory
    4 |         #include <EGL/eglvivante.h>
      |                  ^~~~~~~~~~~~~~~~~~
compilation terminated.
make[1]: *** [CMakeFiles/cmTC_c50e6.dir/build.make:78: CMakeFiles/cmTC_c50e6.dir/src.c.o] Error 1
make[1]: Leaving directory '/home/m245/Desktop/github/Voxel_Renderer/build/CMakeFiles/CMakeTmp'
make: *** [Makefile:127: cmTC_c50e6/fast] Error 2


Source file was:

        #define LINUX
        #define EGL_API_FB
        #include <EGL/eglvivante.h>
        int main(int argc, char** argv) { return 0; }
Determining if files pthread_np.h exist failed with the following output:
Change Dir: /home/m245/Desktop/github/Voxel_Renderer/build/CMakeFiles/CMakeTmp

Run Build Command(s):/usr/bin/make -f Makefile cmTC_a1f9b/fast && /usr/bin/make  -f CMakeFiles/cmTC_a1f9b.dir/build.make CMakeFiles/cmTC_a1f9b.dir/build
make[1]: Entering directory '/home/m245/Desktop/github/Voxel_Renderer/build/CMakeFiles/CMakeTmp'
Building C object CMakeFiles/cmTC_a1f9b.dir/HAVE_PTHREAD_NP_H.c.o
/usr/bin/cc   -idirafter "/home/m245/Desktop/github/Voxel_Renderer/lib/SDL/src/video/khronos" -I/usr/include/libusb-1.0  -D_REENTRANT -pthread -o CMakeFiles/cmTC_a1f9b.dir/HAVE_PTHREAD_NP_H.c.o -c /home/m245/Desktop/github/Voxel_Renderer/build/CMakeFiles/CheckIncludeFiles/HAVE_PTHREAD_NP_H.c
/home/m245/Desktop/github/Voxel_Renderer/build/CMakeFiles/CheckIncludeFiles/HAVE_PTHREAD_NP_H.c:2:10: fatal error: pthread_np.h: No such file or directory
    2 | #include <pthread_np.h>
      |          ^~~~~~~~~~~~~~
compilation terminated.
make[1]: *** [CMakeFiles/cmTC_a1f9b.dir/build.make:78: CMakeFiles/cmTC_a1f9b.dir/HAVE_PTHREAD_NP_H.c.o] Error 1
make[1]: Leaving directory '/home/m245/Desktop/github/Voxel_Renderer/build/CMakeFiles/CMakeTmp'
make: *** [Makefile:127: cmTC_a1f9b/fast] Error 2


Source:
/* */
#include <pthread_np.h>


int main(void){return 0;}

